2021-03-20 20:10:50.723  INFO 15828 --- [restartedMain] l.m.community.CommunityApplication       : Starting CommunityApplication using Java 1.8.0_131 on zt with PID 15828 (D:\workspace\workspace_majiang\target\classes started by zt in D:\workspace\workspace_majiang)
2021-03-20 20:10:50.727  INFO 15828 --- [restartedMain] l.m.community.CommunityApplication       : No active profile set, falling back to default profiles: default
2021-03-20 20:10:50.780  INFO 15828 --- [restartedMain] .e.DevToolsPropertyDefaultsPostProcessor : Devtools property defaults active! Set 'spring.devtools.add-properties' to 'false' to disable
2021-03-20 20:10:50.781  INFO 15828 --- [restartedMain] .e.DevToolsPropertyDefaultsPostProcessor : For additional web related logging consider setting the 'logging.level.web' property to 'DEBUG'
2021-03-20 20:10:51.907  INFO 15828 --- [restartedMain] o.s.b.w.embedded.tomcat.TomcatWebServer  : Tomcat initialized with port(s): 8887 (http)
2021-03-20 20:10:51.916  INFO 15828 --- [restartedMain] o.apache.catalina.core.StandardService   : Starting service [Tomcat]
2021-03-20 20:10:51.917  INFO 15828 --- [restartedMain] org.apache.catalina.core.StandardEngine  : Starting Servlet engine: [Apache Tomcat/9.0.43]
2021-03-20 20:10:52.003  INFO 15828 --- [restartedMain] o.a.c.c.C.[Tomcat].[localhost].[/]       : Initializing Spring embedded WebApplicationContext
2021-03-20 20:10:52.003  INFO 15828 --- [restartedMain] w.s.c.ServletWebServerApplicationContext : Root WebApplicationContext: initialization completed in 1221 ms
2021-03-20 20:10:52.049  INFO 15828 --- [restartedMain] com.zaxxer.hikari.HikariDataSource       : HikariPool-1 - Starting...
2021-03-20 20:10:54.270  INFO 15828 --- [restartedMain] com.zaxxer.hikari.HikariDataSource       : HikariPool-1 - Start completed.
2021-03-20 20:10:54.276  INFO 15828 --- [restartedMain] o.s.b.a.h2.H2ConsoleAutoConfiguration    : H2 console available at '/h2-console'. Database available at 'jdbc:h2:~/community'
2021-03-20 20:10:54.911  INFO 15828 --- [restartedMain] o.s.s.concurrent.ThreadPoolTaskExecutor  : Initializing ExecutorService 'applicationTaskExecutor'
2021-03-20 20:10:54.983  INFO 15828 --- [restartedMain] o.s.b.a.w.s.WelcomePageHandlerMapping    : Adding welcome page template: index
2021-03-20 20:10:55.210  INFO 15828 --- [restartedMain] o.s.b.d.a.OptionalLiveReloadServer       : LiveReload server is running on port 35729
2021-03-20 20:10:55.251  INFO 15828 --- [restartedMain] o.s.b.w.embedded.tomcat.TomcatWebServer  : Tomcat started on port(s): 8887 (http) with context path ''
2021-03-20 20:10:55.262  INFO 15828 --- [restartedMain] l.m.community.CommunityApplication       : Started CommunityApplication in 5.046 seconds (JVM running for 6.584)
2021-03-20 20:12:21.376  INFO 15828 --- [http-nio-8887-exec-1] o.a.c.c.C.[Tomcat].[localhost].[/]       : Initializing Spring DispatcherServlet 'dispatcherServlet'
2021-03-20 20:12:21.377  INFO 15828 --- [http-nio-8887-exec-1] o.s.web.servlet.DispatcherServlet        : Initializing Servlet 'dispatcherServlet'
2021-03-20 20:12:21.377  INFO 15828 --- [http-nio-8887-exec-1] o.s.web.servlet.DispatcherServlet        : Completed initialization in 0 ms
